#! /opt/homebrew/Cellar/icarus-verilog/12.0/bin/vvp
:ivl_version "12.0 (stable)";
:ivl_delay_selection "TYPICAL";
:vpi_time_precision - 12;
:vpi_module "/opt/homebrew/Cellar/icarus-verilog/12.0/lib/ivl/system.vpi";
:vpi_module "/opt/homebrew/Cellar/icarus-verilog/12.0/lib/ivl/vhdl_sys.vpi";
:vpi_module "/opt/homebrew/Cellar/icarus-verilog/12.0/lib/ivl/vhdl_textio.vpi";
:vpi_module "/opt/homebrew/Cellar/icarus-verilog/12.0/lib/ivl/v2005_math.vpi";
:vpi_module "/opt/homebrew/Cellar/icarus-verilog/12.0/lib/ivl/va_math.vpi";
S_0x14f61d1c0 .scope module, "vending_machine_tb" "vending_machine_tb" 2 3;
 .timescale -9 -12;
v0x14f640c50_0 .net "an", 3 0, v0x14f63f220_0;  1 drivers
v0x14f640d20_0 .var "btnC", 0 0;
v0x14f640df0_0 .var "btnD", 0 0;
v0x14f640ec0_0 .var "btnL", 0 0;
v0x14f640f90_0 .var "btnR", 0 0;
v0x14f6410a0_0 .var "btnU", 0 0;
v0x14f641170_0 .var "clk", 0 0;
v0x14f641300_0 .net "led_insuff", 0 0, L_0x14f63d6e0;  1 drivers
v0x14f641390_0 .net "led_purchase", 15 0, v0x14f640620_0;  1 drivers
v0x14f641420_0 .var "rst", 0 0;
v0x14f6415b0_0 .net "seg", 7 0, v0x14f63f700_0;  1 drivers
v0x14f641640_0 .var "sw_item", 1 0;
S_0x14f606a30 .scope module, "DUT" "vending_machine_top" 2 27, 3 3 0, S_0x14f61d1c0;
 .timescale -9 -12;
    .port_info 0 /INPUT 1 "clk";
    .port_info 1 /INPUT 1 "rst";
    .port_info 2 /INPUT 2 "sw_item";
    .port_info 3 /INPUT 1 "btnU";
    .port_info 4 /INPUT 1 "btnL";
    .port_info 5 /INPUT 1 "btnR";
    .port_info 6 /INPUT 1 "btnD";
    .port_info 7 /INPUT 1 "btnC";
    .port_info 8 /OUTPUT 8 "seg";
    .port_info 9 /OUTPUT 4 "an";
    .port_info 10 /OUTPUT 16 "led_purchase";
    .port_info 11 /OUTPUT 1 "led_insuff";
L_0x14f63d6e0 .functor BUFZ 1, v0x14f63e8c0_0, C4<0>, C4<0>, C4<0>;
v0x14f63fa60_0 .net "an", 3 0, v0x14f63f220_0;  alias, 1 drivers
v0x14f63fb30_0 .net "btnC", 0 0, v0x14f640d20_0;  1 drivers
v0x14f63fbc0_0 .net "btnD", 0 0, v0x14f640df0_0;  1 drivers
v0x14f63fc90_0 .net "btnL", 0 0, v0x14f640ec0_0;  1 drivers
v0x14f63fd40_0 .net "btnR", 0 0, v0x14f640f90_0;  1 drivers
v0x14f63fe10_0 .net "btnU", 0 0, v0x14f6410a0_0;  1 drivers
v0x14f63fec0_0 .net "clk", 0 0, v0x14f641170_0;  1 drivers
v0x14f63ff50_0 .net "db_btnC", 0 0, v0x14f63b220_0;  1 drivers
v0x14f640020_0 .net "db_btnD", 0 0, v0x14f63ba90_0;  1 drivers
v0x14f640130_0 .net "db_btnL", 0 0, v0x14f63c310_0;  1 drivers
v0x14f640200_0 .net "db_btnR", 0 0, v0x14f63cba0_0;  1 drivers
v0x14f6402d0_0 .net "db_btnU", 0 0, v0x14f63d410_0;  1 drivers
v0x14f6403a0_0 .net "display_val", 11 0, v0x14f63e720_0;  1 drivers
v0x14f640470_0 .net "fsm_insuff", 0 0, v0x14f63e8c0_0;  1 drivers
v0x14f640500_0 .net "fsm_purchase", 0 0, v0x14f63e950_0;  1 drivers
v0x14f640590_0 .net "led_insuff", 0 0, L_0x14f63d6e0;  alias, 1 drivers
v0x14f640620_0 .var "led_purchase", 15 0;
v0x14f6407b0_0 .net "rst", 0 0, v0x14f641420_0;  1 drivers
v0x14f640840_0 .net "seg", 7 0, v0x14f63f700_0;  alias, 1 drivers
v0x14f6408d0_0 .net "sw_item", 1 0, v0x14f641640_0;  1 drivers
S_0x14f612f30 .scope module, "debC" "Debouncer" 3 54, 4 3 0, S_0x14f606a30;
 .timescale -9 -12;
    .port_info 0 /INPUT 1 "clk";
    .port_info 1 /INPUT 1 "rst";
    .port_info 2 /INPUT 1 "btn_in";
    .port_info 3 /OUTPUT 1 "btn_out";
P_0x14f62d9a0 .param/l "THRESH" 0 4 12, +C4<00000000000111101000010010000000>;
v0x14f62b600_0 .net "btn_in", 0 0, v0x14f640d20_0;  alias, 1 drivers
v0x14f63b220_0 .var "btn_out", 0 0;
v0x14f63b2c0_0 .net "clk", 0 0, v0x14f641170_0;  alias, 1 drivers
v0x14f63b350_0 .var "count", 21 0;
v0x14f63b3e0_0 .net "rst", 0 0, v0x14f641420_0;  alias, 1 drivers
v0x14f63b480_0 .var "stable_state", 0 0;
v0x14f63b520_0 .var "sync_0", 0 0;
v0x14f63b5c0_0 .var "sync_1", 0 0;
E_0x14f62cf80 .event posedge, v0x14f63b3e0_0, v0x14f63b2c0_0;
S_0x14f63b6a0 .scope module, "debD" "Debouncer" 3 48, 4 3 0, S_0x14f606a30;
 .timescale -9 -12;
    .port_info 0 /INPUT 1 "clk";
    .port_info 1 /INPUT 1 "rst";
    .port_info 2 /INPUT 1 "btn_in";
    .port_info 3 /OUTPUT 1 "btn_out";
P_0x14f63b870 .param/l "THRESH" 0 4 12, +C4<00000000000111101000010010000000>;
v0x14f63b9f0_0 .net "btn_in", 0 0, v0x14f640df0_0;  alias, 1 drivers
v0x14f63ba90_0 .var "btn_out", 0 0;
v0x14f63bb30_0 .net "clk", 0 0, v0x14f641170_0;  alias, 1 drivers
v0x14f63bbc0_0 .var "count", 21 0;
v0x14f63bc50_0 .net "rst", 0 0, v0x14f641420_0;  alias, 1 drivers
v0x14f63bce0_0 .var "stable_state", 0 0;
v0x14f63bd70_0 .var "sync_0", 0 0;
v0x14f63be10_0 .var "sync_1", 0 0;
S_0x14f63bf10 .scope module, "debL" "Debouncer" 3 36, 4 3 0, S_0x14f606a30;
 .timescale -9 -12;
    .port_info 0 /INPUT 1 "clk";
    .port_info 1 /INPUT 1 "rst";
    .port_info 2 /INPUT 1 "btn_in";
    .port_info 3 /OUTPUT 1 "btn_out";
P_0x14f63c0d0 .param/l "THRESH" 0 4 12, +C4<00000000000111101000010010000000>;
v0x14f63c270_0 .net "btn_in", 0 0, v0x14f640ec0_0;  alias, 1 drivers
v0x14f63c310_0 .var "btn_out", 0 0;
v0x14f63c3b0_0 .net "clk", 0 0, v0x14f641170_0;  alias, 1 drivers
v0x14f63c440_0 .var "count", 21 0;
v0x14f63c4d0_0 .net "rst", 0 0, v0x14f641420_0;  alias, 1 drivers
v0x14f63c5e0_0 .var "stable_state", 0 0;
v0x14f63c670_0 .var "sync_0", 0 0;
v0x14f63c700_0 .var "sync_1", 0 0;
S_0x14f63c7b0 .scope module, "debR" "Debouncer" 3 42, 4 3 0, S_0x14f606a30;
 .timescale -9 -12;
    .port_info 0 /INPUT 1 "clk";
    .port_info 1 /INPUT 1 "rst";
    .port_info 2 /INPUT 1 "btn_in";
    .port_info 3 /OUTPUT 1 "btn_out";
P_0x14f63c970 .param/l "THRESH" 0 4 12, +C4<00000000000111101000010010000000>;
v0x14f63caf0_0 .net "btn_in", 0 0, v0x14f640f90_0;  alias, 1 drivers
v0x14f63cba0_0 .var "btn_out", 0 0;
v0x14f63cc40_0 .net "clk", 0 0, v0x14f641170_0;  alias, 1 drivers
v0x14f63ccd0_0 .var "count", 21 0;
v0x14f63cd60_0 .net "rst", 0 0, v0x14f641420_0;  alias, 1 drivers
v0x14f63cdf0_0 .var "stable_state", 0 0;
v0x14f63ce80_0 .var "sync_0", 0 0;
v0x14f63cf20_0 .var "sync_1", 0 0;
S_0x14f63d000 .scope module, "debU" "Debouncer" 3 30, 4 3 0, S_0x14f606a30;
 .timescale -9 -12;
    .port_info 0 /INPUT 1 "clk";
    .port_info 1 /INPUT 1 "rst";
    .port_info 2 /INPUT 1 "btn_in";
    .port_info 3 /OUTPUT 1 "btn_out";
P_0x14f63d200 .param/l "THRESH" 0 4 12, +C4<00000000000111101000010010000000>;
v0x14f63d360_0 .net "btn_in", 0 0, v0x14f6410a0_0;  alias, 1 drivers
v0x14f63d410_0 .var "btn_out", 0 0;
v0x14f63d4b0_0 .net "clk", 0 0, v0x14f641170_0;  alias, 1 drivers
v0x14f63d5c0_0 .var "count", 21 0;
v0x14f63d650_0 .net "rst", 0 0, v0x14f641420_0;  alias, 1 drivers
v0x14f63d760_0 .var "stable_state", 0 0;
v0x14f63d7f0_0 .var "sync_0", 0 0;
v0x14f63d880_0 .var "sync_1", 0 0;
S_0x14f63d930 .scope module, "fsm_unit" "vending_fsm" 3 69, 5 3 0, S_0x14f606a30;
 .timescale -9 -12;
    .port_info 0 /INPUT 1 "clk";
    .port_info 1 /INPUT 1 "rst";
    .port_info 2 /INPUT 2 "sw_item";
    .port_info 3 /INPUT 1 "db_btnU";
    .port_info 4 /INPUT 1 "db_btnL";
    .port_info 5 /INPUT 1 "db_btnR";
    .port_info 6 /INPUT 1 "db_btnD";
    .port_info 7 /INPUT 1 "db_btnC";
    .port_info 8 /OUTPUT 12 "display_val";
    .port_info 9 /OUTPUT 1 "led_purchase";
    .port_info 10 /OUTPUT 1 "led_insuff";
P_0x14f63daf0 .param/l "ST_COIN" 1 5 21, C4<01>;
P_0x14f63db30 .param/l "ST_SELECT" 1 5 20, C4<00>;
P_0x14f63db70 .param/l "ST_VEND" 1 5 22, C4<10>;
v0x14f63e180_0 .var "change", 11 0;
v0x14f63e240_0 .net "clk", 0 0, v0x14f641170_0;  alias, 1 drivers
v0x14f63e2e0_0 .var "coin_sum", 11 0;
v0x14f63e390_0 .net "db_btnC", 0 0, v0x14f63b220_0;  alias, 1 drivers
v0x14f63e440_0 .net "db_btnD", 0 0, v0x14f63ba90_0;  alias, 1 drivers
v0x14f63e510_0 .net "db_btnL", 0 0, v0x14f63c310_0;  alias, 1 drivers
v0x14f63e5c0_0 .net "db_btnR", 0 0, v0x14f63cba0_0;  alias, 1 drivers
v0x14f63e670_0 .net "db_btnU", 0 0, v0x14f63d410_0;  alias, 1 drivers
v0x14f63e720_0 .var "display_val", 11 0;
v0x14f63e830_0 .var "insufficient_flag", 0 0;
v0x14f63e8c0_0 .var "led_insuff", 0 0;
v0x14f63e950_0 .var "led_purchase", 0 0;
v0x14f63e9e0_0 .var "nxt_state", 1 0;
v0x14f63ea90_0 .var "price", 11 0;
v0x14f63eb40_0 .net "rst", 0 0, v0x14f641420_0;  alias, 1 drivers
v0x14f63ebd0_0 .var "state", 1 0;
v0x14f63ec80_0 .net "sw_item", 1 0, v0x14f641640_0;  alias, 1 drivers
E_0x14f63ddc0/0 .event anyedge, v0x14f63ebd0_0, v0x14f63d410_0, v0x14f63c310_0, v0x14f63cba0_0;
E_0x14f63ddc0/1 .event anyedge, v0x14f63b220_0, v0x14f63ba90_0, v0x14f63e2e0_0, v0x14f63ea90_0;
E_0x14f63ddc0 .event/or E_0x14f63ddc0/0, E_0x14f63ddc0/1;
S_0x14f63de40 .scope function.vec4.s12, "get_price" "get_price" 5 34, 5 34 0, S_0x14f63d930;
 .timescale -9 -12;
; Variable get_price is vec4 return value of scope S_0x14f63de40
v0x14f63e0d0_0 .var "sel", 1 0;
TD_vending_machine_tb.DUT.fsm_unit.get_price ;
    %load/vec4 v0x14f63e0d0_0;
    %dup/vec4;
    %pushi/vec4 0, 0, 2;
    %cmp/u;
    %jmp/1 T_0.0, 6;
    %dup/vec4;
    %pushi/vec4 1, 0, 2;
    %cmp/u;
    %jmp/1 T_0.1, 6;
    %dup/vec4;
    %pushi/vec4 2, 0, 2;
    %cmp/u;
    %jmp/1 T_0.2, 6;
    %dup/vec4;
    %pushi/vec4 3, 0, 2;
    %cmp/u;
    %jmp/1 T_0.3, 6;
    %jmp T_0.4;
T_0.0 ;
    %pushi/vec4 50, 0, 12;
    %ret/vec4 0, 0, 12;  Assign to get_price (store_vec4_to_lval)
    %jmp T_0.4;
T_0.1 ;
    %pushi/vec4 75, 0, 12;
    %ret/vec4 0, 0, 12;  Assign to get_price (store_vec4_to_lval)
    %jmp T_0.4;
T_0.2 ;
    %pushi/vec4 100, 0, 12;
    %ret/vec4 0, 0, 12;  Assign to get_price (store_vec4_to_lval)
    %jmp T_0.4;
T_0.3 ;
    %pushi/vec4 135, 0, 12;
    %ret/vec4 0, 0, 12;  Assign to get_price (store_vec4_to_lval)
    %jmp T_0.4;
T_0.4 ;
    %pop/vec4 1;
    %end;
S_0x14f63ef00 .scope module, "sseg_unit" "SevenSegmentDriver" 3 104, 6 3 0, S_0x14f606a30;
 .timescale -9 -12;
    .port_info 0 /INPUT 1 "clk";
    .port_info 1 /INPUT 1 "rst";
    .port_info 2 /INPUT 12 "value";
    .port_info 3 /OUTPUT 8 "seg";
    .port_info 4 /OUTPUT 4 "an";
v0x14f63f220_0 .var "an", 3 0;
v0x14f63f2b0_0 .net "clk", 0 0, v0x14f641170_0;  alias, 1 drivers
v0x14f63f340_0 .var "curr_digit", 3 0;
v0x14f63f3d0 .array "digit", 0 3, 3 0;
v0x14f63f4d0_0 .var "digit_index", 1 0;
v0x14f63f5c0_0 .var "refresh_count", 15 0;
v0x14f63f670_0 .net "rst", 0 0, v0x14f641420_0;  alias, 1 drivers
v0x14f63f700_0 .var "seg", 7 0;
v0x14f63f7b0_0 .var "seg_pattern", 7 0;
v0x14f63f8c0_0 .var/i "temp", 31 0;
v0x14f63f970_0 .net "value", 11 0, v0x14f63e720_0;  alias, 1 drivers
E_0x14f63f0f0 .event anyedge, v0x14f63f7b0_0, v0x14f63f4d0_0;
v0x14f63f3d0_0 .array/port v0x14f63f3d0, 0;
v0x14f63f3d0_1 .array/port v0x14f63f3d0, 1;
v0x14f63f3d0_2 .array/port v0x14f63f3d0, 2;
E_0x14f63f150/0 .event anyedge, v0x14f63f4d0_0, v0x14f63f3d0_0, v0x14f63f3d0_1, v0x14f63f3d0_2;
v0x14f63f3d0_3 .array/port v0x14f63f3d0, 3;
E_0x14f63f150/1 .event anyedge, v0x14f63f3d0_3, v0x14f63f340_0;
E_0x14f63f150 .event/or E_0x14f63f150/0, E_0x14f63f150/1;
E_0x14f63f1c0 .event anyedge, v0x14f63e720_0, v0x14f63f8c0_0;
S_0x14f640960 .scope task, "press_button" "press_button" 2 53, 2 53 0, S_0x14f61d1c0;
 .timescale -9 -12;
v0x14f640b30_0 .var "button_signal", 0 0;
v0x14f640bc0_0 .var/i "duration", 31 0;
TD_vending_machine_tb.press_button ;
    %pushi/vec4 1, 0, 1;
    %store/vec4 v0x14f640b30_0, 0, 1;
    %load/vec4 v0x14f640bc0_0;
    %pad/s 64;
    %muli 1000, 0, 64;
    %ix/vec4 4;
    %delayx 4;
    %pushi/vec4 0, 0, 1;
    %store/vec4 v0x14f640b30_0, 0, 1;
    %delay 20000, 0;
    %end;
    .scope S_0x14f63d000;
T_2 ;
    %wait E_0x14f62cf80;
    %load/vec4 v0x14f63d650_0;
    %flag_set/vec4 8;
    %jmp/0xz  T_2.0, 8;
    %pushi/vec4 0, 0, 1;
    %assign/vec4 v0x14f63d7f0_0, 0;
    %pushi/vec4 0, 0, 1;
    %assign/vec4 v0x14f63d880_0, 0;
    %pushi/vec4 0, 0, 22;
    %assign/vec4 v0x14f63d5c0_0, 0;
    %pushi/vec4 0, 0, 1;
    %assign/vec4 v0x14f63d760_0, 0;
    %pushi/vec4 0, 0, 1;
    %assign/vec4 v0x14f63d410_0, 0;
    %jmp T_2.1;
T_2.0 ;
    %load/vec4 v0x14f63d360_0;
    %assign/vec4 v0x14f63d7f0_0, 0;
    %load/vec4 v0x14f63d7f0_0;
    %assign/vec4 v0x14f63d880_0, 0;
    %load/vec4 v0x14f63d880_0;
    %load/vec4 v0x14f63d760_0;
    %cmp/ne;
    %jmp/0xz  T_2.2, 4;
    %load/vec4 v0x14f63d5c0_0;
    %pad/u 32;
    %cmpi/u 2000000, 0, 32;
    %jmp/0xz  T_2.4, 5;
    %load/vec4 v0x14f63d5c0_0;
    %addi 1, 0, 22;
    %assign/vec4 v0x14f63d5c0_0, 0;
    %jmp T_2.5;
T_2.4 ;
    %load/vec4 v0x14f63d880_0;
    %assign/vec4 v0x14f63d760_0, 0;
    %pushi/vec4 0, 0, 22;
    %assign/vec4 v0x14f63d5c0_0, 0;
    %load/vec4 v0x14f63d880_0;
    %cmpi/e 1, 0, 1;
    %flag_mov 8, 4;
    %jmp/0 T_2.6, 8;
    %pushi/vec4 1, 0, 1;
    %jmp/1 T_2.7, 8;
T_2.6 ; End of true expr.
    %pushi/vec4 0, 0, 1;
    %jmp/0 T_2.7, 8;
 ; End of false expr.
    %blend;
T_2.7;
    %assign/vec4 v0x14f63d410_0, 0;
T_2.5 ;
    %jmp T_2.3;
T_2.2 ;
    %pushi/vec4 0, 0, 22;
    %assign/vec4 v0x14f63d5c0_0, 0;
    %pushi/vec4 0, 0, 1;
    %assign/vec4 v0x14f63d410_0, 0;
T_2.3 ;
T_2.1 ;
    %jmp T_2;
    .thread T_2;
    .scope S_0x14f63bf10;
T_3 ;
    %wait E_0x14f62cf80;
    %load/vec4 v0x14f63c4d0_0;
    %flag_set/vec4 8;
    %jmp/0xz  T_3.0, 8;
    %pushi/vec4 0, 0, 1;
    %assign/vec4 v0x14f63c670_0, 0;
    %pushi/vec4 0, 0, 1;
    %assign/vec4 v0x14f63c700_0, 0;
    %pushi/vec4 0, 0, 22;
    %assign/vec4 v0x14f63c440_0, 0;
    %pushi/vec4 0, 0, 1;
    %assign/vec4 v0x14f63c5e0_0, 0;
    %pushi/vec4 0, 0, 1;
    %assign/vec4 v0x14f63c310_0, 0;
    %jmp T_3.1;
T_3.0 ;
    %load/vec4 v0x14f63c270_0;
    %assign/vec4 v0x14f63c670_0, 0;
    %load/vec4 v0x14f63c670_0;
    %assign/vec4 v0x14f63c700_0, 0;
    %load/vec4 v0x14f63c700_0;
    %load/vec4 v0x14f63c5e0_0;
    %cmp/ne;
    %jmp/0xz  T_3.2, 4;
    %load/vec4 v0x14f63c440_0;
    %pad/u 32;
    %cmpi/u 2000000, 0, 32;
    %jmp/0xz  T_3.4, 5;
    %load/vec4 v0x14f63c440_0;
    %addi 1, 0, 22;
    %assign/vec4 v0x14f63c440_0, 0;
    %jmp T_3.5;
T_3.4 ;
    %load/vec4 v0x14f63c700_0;
    %assign/vec4 v0x14f63c5e0_0, 0;
    %pushi/vec4 0, 0, 22;
    %assign/vec4 v0x14f63c440_0, 0;
    %load/vec4 v0x14f63c700_0;
    %cmpi/e 1, 0, 1;
    %flag_mov 8, 4;
    %jmp/0 T_3.6, 8;
    %pushi/vec4 1, 0, 1;
    %jmp/1 T_3.7, 8;
T_3.6 ; End of true expr.
    %pushi/vec4 0, 0, 1;
    %jmp/0 T_3.7, 8;
 ; End of false expr.
    %blend;
T_3.7;
    %assign/vec4 v0x14f63c310_0, 0;
T_3.5 ;
    %jmp T_3.3;
T_3.2 ;
    %pushi/vec4 0, 0, 22;
    %assign/vec4 v0x14f63c440_0, 0;
    %pushi/vec4 0, 0, 1;
    %assign/vec4 v0x14f63c310_0, 0;
T_3.3 ;
T_3.1 ;
    %jmp T_3;
    .thread T_3;
    .scope S_0x14f63c7b0;
T_4 ;
    %wait E_0x14f62cf80;
    %load/vec4 v0x14f63cd60_0;
    %flag_set/vec4 8;
    %jmp/0xz  T_4.0, 8;
    %pushi/vec4 0, 0, 1;
    %assign/vec4 v0x14f63ce80_0, 0;
    %pushi/vec4 0, 0, 1;
    %assign/vec4 v0x14f63cf20_0, 0;
    %pushi/vec4 0, 0, 22;
    %assign/vec4 v0x14f63ccd0_0, 0;
    %pushi/vec4 0, 0, 1;
    %assign/vec4 v0x14f63cdf0_0, 0;
    %pushi/vec4 0, 0, 1;
    %assign/vec4 v0x14f63cba0_0, 0;
    %jmp T_4.1;
T_4.0 ;
    %load/vec4 v0x14f63caf0_0;
    %assign/vec4 v0x14f63ce80_0, 0;
    %load/vec4 v0x14f63ce80_0;
    %assign/vec4 v0x14f63cf20_0, 0;
    %load/vec4 v0x14f63cf20_0;
    %load/vec4 v0x14f63cdf0_0;
    %cmp/ne;
    %jmp/0xz  T_4.2, 4;
    %load/vec4 v0x14f63ccd0_0;
    %pad/u 32;
    %cmpi/u 2000000, 0, 32;
    %jmp/0xz  T_4.4, 5;
    %load/vec4 v0x14f63ccd0_0;
    %addi 1, 0, 22;
    %assign/vec4 v0x14f63ccd0_0, 0;
    %jmp T_4.5;
T_4.4 ;
    %load/vec4 v0x14f63cf20_0;
    %assign/vec4 v0x14f63cdf0_0, 0;
    %pushi/vec4 0, 0, 22;
    %assign/vec4 v0x14f63ccd0_0, 0;
    %load/vec4 v0x14f63cf20_0;
    %cmpi/e 1, 0, 1;
    %flag_mov 8, 4;
    %jmp/0 T_4.6, 8;
    %pushi/vec4 1, 0, 1;
    %jmp/1 T_4.7, 8;
T_4.6 ; End of true expr.
    %pushi/vec4 0, 0, 1;
    %jmp/0 T_4.7, 8;
 ; End of false expr.
    %blend;
T_4.7;
    %assign/vec4 v0x14f63cba0_0, 0;
T_4.5 ;
    %jmp T_4.3;
T_4.2 ;
    %pushi/vec4 0, 0, 22;
    %assign/vec4 v0x14f63ccd0_0, 0;
    %pushi/vec4 0, 0, 1;
    %assign/vec4 v0x14f63cba0_0, 0;
T_4.3 ;
T_4.1 ;
    %jmp T_4;
    .thread T_4;
    .scope S_0x14f63b6a0;
T_5 ;
    %wait E_0x14f62cf80;
    %load/vec4 v0x14f63bc50_0;
    %flag_set/vec4 8;
    %jmp/0xz  T_5.0, 8;
    %pushi/vec4 0, 0, 1;
    %assign/vec4 v0x14f63bd70_0, 0;
    %pushi/vec4 0, 0, 1;
    %assign/vec4 v0x14f63be10_0, 0;
    %pushi/vec4 0, 0, 22;
    %assign/vec4 v0x14f63bbc0_0, 0;
    %pushi/vec4 0, 0, 1;
    %assign/vec4 v0x14f63bce0_0, 0;
    %pushi/vec4 0, 0, 1;
    %assign/vec4 v0x14f63ba90_0, 0;
    %jmp T_5.1;
T_5.0 ;
    %load/vec4 v0x14f63b9f0_0;
    %assign/vec4 v0x14f63bd70_0, 0;
    %load/vec4 v0x14f63bd70_0;
    %assign/vec4 v0x14f63be10_0, 0;
    %load/vec4 v0x14f63be10_0;
    %load/vec4 v0x14f63bce0_0;
    %cmp/ne;
    %jmp/0xz  T_5.2, 4;
    %load/vec4 v0x14f63bbc0_0;
    %pad/u 32;
    %cmpi/u 2000000, 0, 32;
    %jmp/0xz  T_5.4, 5;
    %load/vec4 v0x14f63bbc0_0;
    %addi 1, 0, 22;
    %assign/vec4 v0x14f63bbc0_0, 0;
    %jmp T_5.5;
T_5.4 ;
    %load/vec4 v0x14f63be10_0;
    %assign/vec4 v0x14f63bce0_0, 0;
    %pushi/vec4 0, 0, 22;
    %assign/vec4 v0x14f63bbc0_0, 0;
    %load/vec4 v0x14f63be10_0;
    %cmpi/e 1, 0, 1;
    %flag_mov 8, 4;
    %jmp/0 T_5.6, 8;
    %pushi/vec4 1, 0, 1;
    %jmp/1 T_5.7, 8;
T_5.6 ; End of true expr.
    %pushi/vec4 0, 0, 1;
    %jmp/0 T_5.7, 8;
 ; End of false expr.
    %blend;
T_5.7;
    %assign/vec4 v0x14f63ba90_0, 0;
T_5.5 ;
    %jmp T_5.3;
T_5.2 ;
    %pushi/vec4 0, 0, 22;
    %assign/vec4 v0x14f63bbc0_0, 0;
    %pushi/vec4 0, 0, 1;
    %assign/vec4 v0x14f63ba90_0, 0;
T_5.3 ;
T_5.1 ;
    %jmp T_5;
    .thread T_5;
    .scope S_0x14f612f30;
T_6 ;
    %wait E_0x14f62cf80;
    %load/vec4 v0x14f63b3e0_0;
    %flag_set/vec4 8;
    %jmp/0xz  T_6.0, 8;
    %pushi/vec4 0, 0, 1;
    %assign/vec4 v0x14f63b520_0, 0;
    %pushi/vec4 0, 0, 1;
    %assign/vec4 v0x14f63b5c0_0, 0;
    %pushi/vec4 0, 0, 22;
    %assign/vec4 v0x14f63b350_0, 0;
    %pushi/vec4 0, 0, 1;
    %assign/vec4 v0x14f63b480_0, 0;
    %pushi/vec4 0, 0, 1;
    %assign/vec4 v0x14f63b220_0, 0;
    %jmp T_6.1;
T_6.0 ;
    %load/vec4 v0x14f62b600_0;
    %assign/vec4 v0x14f63b520_0, 0;
    %load/vec4 v0x14f63b520_0;
    %assign/vec4 v0x14f63b5c0_0, 0;
    %load/vec4 v0x14f63b5c0_0;
    %load/vec4 v0x14f63b480_0;
    %cmp/ne;
    %jmp/0xz  T_6.2, 4;
    %load/vec4 v0x14f63b350_0;
    %pad/u 32;
    %cmpi/u 2000000, 0, 32;
    %jmp/0xz  T_6.4, 5;
    %load/vec4 v0x14f63b350_0;
    %addi 1, 0, 22;
    %assign/vec4 v0x14f63b350_0, 0;
    %jmp T_6.5;
T_6.4 ;
    %load/vec4 v0x14f63b5c0_0;
    %assign/vec4 v0x14f63b480_0, 0;
    %pushi/vec4 0, 0, 22;
    %assign/vec4 v0x14f63b350_0, 0;
    %load/vec4 v0x14f63b5c0_0;
    %cmpi/e 1, 0, 1;
    %flag_mov 8, 4;
    %jmp/0 T_6.6, 8;
    %pushi/vec4 1, 0, 1;
    %jmp/1 T_6.7, 8;
T_6.6 ; End of true expr.
    %pushi/vec4 0, 0, 1;
    %jmp/0 T_6.7, 8;
 ; End of false expr.
    %blend;
T_6.7;
    %assign/vec4 v0x14f63b220_0, 0;
T_6.5 ;
    %jmp T_6.3;
T_6.2 ;
    %pushi/vec4 0, 0, 22;
    %assign/vec4 v0x14f63b350_0, 0;
    %pushi/vec4 0, 0, 1;
    %assign/vec4 v0x14f63b220_0, 0;
T_6.3 ;
T_6.1 ;
    %jmp T_6;
    .thread T_6;
    .scope S_0x14f63d930;
T_7 ;
    %wait E_0x14f62cf80;
    %load/vec4 v0x14f63eb40_0;
    %flag_set/vec4 8;
    %jmp/0xz  T_7.0, 8;
    %pushi/vec4 0, 0, 2;
    %assign/vec4 v0x14f63ebd0_0, 0;
    %jmp T_7.1;
T_7.0 ;
    %load/vec4 v0x14f63e9e0_0;
    %assign/vec4 v0x14f63ebd0_0, 0;
T_7.1 ;
    %jmp T_7;
    .thread T_7;
    .scope S_0x14f63d930;
T_8 ;
    %wait E_0x14f63ddc0;
    %load/vec4 v0x14f63ebd0_0;
    %store/vec4 v0x14f63e9e0_0, 0, 2;
    %load/vec4 v0x14f63ebd0_0;
    %dup/vec4;
    %pushi/vec4 0, 0, 2;
    %cmp/u;
    %jmp/1 T_8.0, 6;
    %dup/vec4;
    %pushi/vec4 1, 0, 2;
    %cmp/u;
    %jmp/1 T_8.1, 6;
    %dup/vec4;
    %pushi/vec4 2, 0, 2;
    %cmp/u;
    %jmp/1 T_8.2, 6;
    %pushi/vec4 0, 0, 2;
    %store/vec4 v0x14f63e9e0_0, 0, 2;
    %jmp T_8.4;
T_8.0 ;
    %load/vec4 v0x14f63e670_0;
    %flag_set/vec4 8;
    %jmp/0xz  T_8.5, 8;
    %pushi/vec4 1, 0, 2;
    %store/vec4 v0x14f63e9e0_0, 0, 2;
    %jmp T_8.6;
T_8.5 ;
    %load/vec4 v0x14f63e510_0;
    %flag_set/vec4 8;
    %jmp/0xz  T_8.7, 8;
    %pushi/vec4 1, 0, 2;
    %store/vec4 v0x14f63e9e0_0, 0, 2;
    %jmp T_8.8;
T_8.7 ;
    %load/vec4 v0x14f63e5c0_0;
    %flag_set/vec4 8;
    %jmp/0xz  T_8.9, 8;
    %pushi/vec4 1, 0, 2;
    %store/vec4 v0x14f63e9e0_0, 0, 2;
    %jmp T_8.10;
T_8.9 ;
    %load/vec4 v0x14f63e390_0;
    %flag_set/vec4 8;
    %jmp/0xz  T_8.11, 8;
    %pushi/vec4 1, 0, 2;
    %store/vec4 v0x14f63e9e0_0, 0, 2;
T_8.11 ;
T_8.10 ;
T_8.8 ;
T_8.6 ;
    %jmp T_8.4;
T_8.1 ;
    %load/vec4 v0x14f63e440_0;
    %flag_set/vec4 8;
    %jmp/0xz  T_8.13, 8;
    %pushi/vec4 0, 0, 2;
    %store/vec4 v0x14f63e9e0_0, 0, 2;
    %jmp T_8.14;
T_8.13 ;
    %load/vec4 v0x14f63e390_0;
    %flag_set/vec4 8;
    %jmp/0xz  T_8.15, 8;
    %load/vec4 v0x14f63ea90_0;
    %load/vec4 v0x14f63e2e0_0;
    %cmp/u;
    %flag_or 5, 4;
    %jmp/0xz  T_8.17, 5;
    %pushi/vec4 2, 0, 2;
    %store/vec4 v0x14f63e9e0_0, 0, 2;
    %jmp T_8.18;
T_8.17 ;
    %pushi/vec4 1, 0, 2;
    %store/vec4 v0x14f63e9e0_0, 0, 2;
T_8.18 ;
T_8.15 ;
T_8.14 ;
    %jmp T_8.4;
T_8.2 ;
    %load/vec4 v0x14f63e390_0;
    %flag_set/vec4 8;
    %jmp/1 T_8.21, 8;
    %load/vec4 v0x14f63e440_0;
    %flag_set/vec4 9;
    %flag_or 8, 9;
T_8.21;
    %jmp/0xz  T_8.19, 8;
    %pushi/vec4 0, 0, 2;
    %store/vec4 v0x14f63e9e0_0, 0, 2;
T_8.19 ;
    %jmp T_8.4;
T_8.4 ;
    %pop/vec4 1;
    %jmp T_8;
    .thread T_8, $push;
    .scope S_0x14f63d930;
T_9 ;
    %wait E_0x14f62cf80;
    %load/vec4 v0x14f63eb40_0;
    %flag_set/vec4 8;
    %jmp/0xz  T_9.0, 8;
    %pushi/vec4 0, 0, 12;
    %assign/vec4 v0x14f63e2e0_0, 0;
    %pushi/vec4 0, 0, 12;
    %assign/vec4 v0x14f63ea90_0, 0;
    %pushi/vec4 0, 0, 12;
    %assign/vec4 v0x14f63e180_0, 0;
    %pushi/vec4 0, 0, 1;
    %assign/vec4 v0x14f63e830_0, 0;
    %pushi/vec4 0, 0, 1;
    %assign/vec4 v0x14f63e950_0, 0;
    %pushi/vec4 0, 0, 1;
    %assign/vec4 v0x14f63e8c0_0, 0;
    %pushi/vec4 0, 0, 12;
    %assign/vec4 v0x14f63e720_0, 0;
    %jmp T_9.1;
T_9.0 ;
    %load/vec4 v0x14f63ebd0_0;
    %dup/vec4;
    %pushi/vec4 0, 0, 2;
    %cmp/u;
    %jmp/1 T_9.2, 6;
    %dup/vec4;
    %pushi/vec4 1, 0, 2;
    %cmp/u;
    %jmp/1 T_9.3, 6;
    %dup/vec4;
    %pushi/vec4 2, 0, 2;
    %cmp/u;
    %jmp/1 T_9.4, 6;
    %jmp T_9.5;
T_9.2 ;
    %load/vec4 v0x14f63ec80_0;
    %store/vec4 v0x14f63e0d0_0, 0, 2;
    %callf/vec4 TD_vending_machine_tb.DUT.fsm_unit.get_price, S_0x14f63de40;
    %assign/vec4 v0x14f63ea90_0, 0;
    %pushi/vec4 0, 0, 12;
    %assign/vec4 v0x14f63e2e0_0, 0;
    %pushi/vec4 0, 0, 1;
    %assign/vec4 v0x14f63e830_0, 0;
    %pushi/vec4 0, 0, 1;
    %assign/vec4 v0x14f63e950_0, 0;
    %pushi/vec4 0, 0, 1;
    %assign/vec4 v0x14f63e8c0_0, 0;
    %load/vec4 v0x14f63e670_0;
    %flag_set/vec4 8;
    %jmp/0xz  T_9.6, 8;
    %pushi/vec4 50, 0, 12;
    %assign/vec4 v0x14f63e2e0_0, 0;
    %jmp T_9.7;
T_9.6 ;
    %load/vec4 v0x14f63e510_0;
    %flag_set/vec4 8;
    %jmp/0xz  T_9.8, 8;
    %pushi/vec4 25, 0, 12;
    %assign/vec4 v0x14f63e2e0_0, 0;
    %jmp T_9.9;
T_9.8 ;
    %load/vec4 v0x14f63e5c0_0;
    %flag_set/vec4 8;
    %jmp/0xz  T_9.10, 8;
    %pushi/vec4 10, 0, 12;
    %assign/vec4 v0x14f63e2e0_0, 0;
    %jmp T_9.11;
T_9.10 ;
    %load/vec4 v0x14f63e390_0;
    %flag_set/vec4 8;
    %jmp/0xz  T_9.12, 8;
    %load/vec4 v0x14f63ea90_0;
    %load/vec4 v0x14f63e2e0_0;
    %cmp/u;
    %flag_or 5, 4;
    %jmp/0xz  T_9.14, 5;
    %load/vec4 v0x14f63e2e0_0;
    %load/vec4 v0x14f63ea90_0;
    %sub;
    %assign/vec4 v0x14f63e180_0, 0;
    %jmp T_9.15;
T_9.14 ;
    %pushi/vec4 1, 0, 1;
    %assign/vec4 v0x14f63e830_0, 0;
T_9.15 ;
T_9.12 ;
T_9.11 ;
T_9.9 ;
T_9.7 ;
    %load/vec4 v0x14f63ea90_0;
    %assign/vec4 v0x14f63e720_0, 0;
    %jmp T_9.5;
T_9.3 ;
    %load/vec4 v0x14f63e670_0;
    %flag_set/vec4 8;
    %jmp/0xz  T_9.16, 8;
    %load/vec4 v0x14f63e2e0_0;
    %addi 50, 0, 12;
    %assign/vec4 v0x14f63e2e0_0, 0;
    %jmp T_9.17;
T_9.16 ;
    %load/vec4 v0x14f63e510_0;
    %flag_set/vec4 8;
    %jmp/0xz  T_9.18, 8;
    %load/vec4 v0x14f63e2e0_0;
    %addi 25, 0, 12;
    %assign/vec4 v0x14f63e2e0_0, 0;
    %jmp T_9.19;
T_9.18 ;
    %load/vec4 v0x14f63e5c0_0;
    %flag_set/vec4 8;
    %jmp/0xz  T_9.20, 8;
    %load/vec4 v0x14f63e2e0_0;
    %addi 10, 0, 12;
    %assign/vec4 v0x14f63e2e0_0, 0;
T_9.20 ;
T_9.19 ;
T_9.17 ;
    %load/vec4 v0x14f63ea90_0;
    %load/vec4 v0x14f63e2e0_0;
    %cmp/u;
    %flag_or 5, 4;
    %jmp/0xz  T_9.22, 5;
    %pushi/vec4 0, 0, 1;
    %assign/vec4 v0x14f63e830_0, 0;
T_9.22 ;
    %load/vec4 v0x14f63e390_0;
    %flag_set/vec4 8;
    %jmp/0xz  T_9.24, 8;
    %load/vec4 v0x14f63ea90_0;
    %load/vec4 v0x14f63e2e0_0;
    %cmp/u;
    %flag_or 5, 4;
    %jmp/0xz  T_9.26, 5;
    %load/vec4 v0x14f63e2e0_0;
    %load/vec4 v0x14f63ea90_0;
    %sub;
    %assign/vec4 v0x14f63e180_0, 0;
    %pushi/vec4 1, 0, 1;
    %assign/vec4 v0x14f63e950_0, 0;
    %jmp T_9.27;
T_9.26 ;
    %pushi/vec4 1, 0, 1;
    %assign/vec4 v0x14f63e8c0_0, 0;
    %pushi/vec4 1, 0, 1;
    %assign/vec4 v0x14f63e830_0, 0;
T_9.27 ;
T_9.24 ;
    %load/vec4 v0x14f63e440_0;
    %flag_set/vec4 8;
    %jmp/0xz  T_9.28, 8;
    %pushi/vec4 0, 0, 12;
    %assign/vec4 v0x14f63e2e0_0, 0;
    %pushi/vec4 0, 0, 1;
    %assign/vec4 v0x14f63e950_0, 0;
    %pushi/vec4 0, 0, 1;
    %assign/vec4 v0x14f63e8c0_0, 0;
    %pushi/vec4 0, 0, 1;
    %assign/vec4 v0x14f63e830_0, 0;
T_9.28 ;
    %load/vec4 v0x14f63e2e0_0;
    %assign/vec4 v0x14f63e720_0, 0;
    %jmp T_9.5;
T_9.4 ;
    %pushi/vec4 0, 0, 12;
    %assign/vec4 v0x14f63e2e0_0, 0;
    %pushi/vec4 0, 0, 1;
    %assign/vec4 v0x14f63e8c0_0, 0;
    %pushi/vec4 0, 0, 1;
    %assign/vec4 v0x14f63e830_0, 0;
    %load/vec4 v0x14f63e180_0;
    %assign/vec4 v0x14f63e720_0, 0;
    %jmp T_9.5;
T_9.5 ;
    %pop/vec4 1;
T_9.1 ;
    %jmp T_9;
    .thread T_9;
    .scope S_0x14f63ef00;
T_10 ;
    %pushi/vec4 0, 0, 16;
    %store/vec4 v0x14f63f5c0_0, 0, 16;
    %pushi/vec4 0, 0, 2;
    %store/vec4 v0x14f63f4d0_0, 0, 2;
    %end;
    .thread T_10;
    .scope S_0x14f63ef00;
T_11 ;
    %wait E_0x14f62cf80;
    %load/vec4 v0x14f63f670_0;
    %flag_set/vec4 8;
    %jmp/0xz  T_11.0, 8;
    %pushi/vec4 0, 0, 16;
    %assign/vec4 v0x14f63f5c0_0, 0;
    %pushi/vec4 0, 0, 2;
    %assign/vec4 v0x14f63f4d0_0, 0;
    %jmp T_11.1;
T_11.0 ;
    %load/vec4 v0x14f63f5c0_0;
    %addi 1, 0, 16;
    %assign/vec4 v0x14f63f5c0_0, 0;
    %load/vec4 v0x14f63f5c0_0;
    %parti/s 2, 14, 5;
    %assign/vec4 v0x14f63f4d0_0, 0;
T_11.1 ;
    %jmp T_11;
    .thread T_11;
    .scope S_0x14f63ef00;
T_12 ;
    %wait E_0x14f63f1c0;
    %load/vec4 v0x14f63f970_0;
    %pad/u 32;
    %store/vec4 v0x14f63f8c0_0, 0, 32;
    %load/vec4 v0x14f63f8c0_0;
    %pushi/vec4 1000, 0, 32;
    %div/s;
    %pad/s 4;
    %ix/load 4, 3, 0;
    %flag_set/imm 4, 0;
    %store/vec4a v0x14f63f3d0, 4, 0;
    %load/vec4 v0x14f63f8c0_0;
    %pushi/vec4 1000, 0, 32;
    %mod/s;
    %store/vec4 v0x14f63f8c0_0, 0, 32;
    %load/vec4 v0x14f63f8c0_0;
    %pushi/vec4 100, 0, 32;
    %div/s;
    %pad/s 4;
    %ix/load 4, 2, 0;
    %flag_set/imm 4, 0;
    %store/vec4a v0x14f63f3d0, 4, 0;
    %load/vec4 v0x14f63f8c0_0;
    %pushi/vec4 100, 0, 32;
    %mod/s;
    %store/vec4 v0x14f63f8c0_0, 0, 32;
    %load/vec4 v0x14f63f8c0_0;
    %pushi/vec4 10, 0, 32;
    %div/s;
    %pad/s 4;
    %ix/load 4, 1, 0;
    %flag_set/imm 4, 0;
    %store/vec4a v0x14f63f3d0, 4, 0;
    %load/vec4 v0x14f63f8c0_0;
    %pushi/vec4 10, 0, 32;
    %mod/s;
    %pad/s 4;
    %ix/load 4, 0, 0;
    %flag_set/imm 4, 0;
    %store/vec4a v0x14f63f3d0, 4, 0;
    %jmp T_12;
    .thread T_12, $push;
    .scope S_0x14f63ef00;
T_13 ;
    %wait E_0x14f63f150;
    %load/vec4 v0x14f63f4d0_0;
    %pad/u 4;
    %ix/vec4 4;
    %load/vec4a v0x14f63f3d0, 4;
    %store/vec4 v0x14f63f340_0, 0, 4;
    %load/vec4 v0x14f63f340_0;
    %dup/vec4;
    %pushi/vec4 0, 0, 4;
    %cmp/u;
    %jmp/1 T_13.0, 6;
    %dup/vec4;
    %pushi/vec4 1, 0, 4;
    %cmp/u;
    %jmp/1 T_13.1, 6;
    %dup/vec4;
    %pushi/vec4 2, 0, 4;
    %cmp/u;
    %jmp/1 T_13.2, 6;
    %dup/vec4;
    %pushi/vec4 3, 0, 4;
    %cmp/u;
    %jmp/1 T_13.3, 6;
    %dup/vec4;
    %pushi/vec4 4, 0, 4;
    %cmp/u;
    %jmp/1 T_13.4, 6;
    %dup/vec4;
    %pushi/vec4 5, 0, 4;
    %cmp/u;
    %jmp/1 T_13.5, 6;
    %dup/vec4;
    %pushi/vec4 6, 0, 4;
    %cmp/u;
    %jmp/1 T_13.6, 6;
    %dup/vec4;
    %pushi/vec4 7, 0, 4;
    %cmp/u;
    %jmp/1 T_13.7, 6;
    %dup/vec4;
    %pushi/vec4 8, 0, 4;
    %cmp/u;
    %jmp/1 T_13.8, 6;
    %dup/vec4;
    %pushi/vec4 9, 0, 4;
    %cmp/u;
    %jmp/1 T_13.9, 6;
    %pushi/vec4 255, 0, 8;
    %store/vec4 v0x14f63f7b0_0, 0, 8;
    %jmp T_13.11;
T_13.0 ;
    %pushi/vec4 192, 0, 8;
    %store/vec4 v0x14f63f7b0_0, 0, 8;
    %jmp T_13.11;
T_13.1 ;
    %pushi/vec4 249, 0, 8;
    %store/vec4 v0x14f63f7b0_0, 0, 8;
    %jmp T_13.11;
T_13.2 ;
    %pushi/vec4 164, 0, 8;
    %store/vec4 v0x14f63f7b0_0, 0, 8;
    %jmp T_13.11;
T_13.3 ;
    %pushi/vec4 176, 0, 8;
    %store/vec4 v0x14f63f7b0_0, 0, 8;
    %jmp T_13.11;
T_13.4 ;
    %pushi/vec4 153, 0, 8;
    %store/vec4 v0x14f63f7b0_0, 0, 8;
    %jmp T_13.11;
T_13.5 ;
    %pushi/vec4 146, 0, 8;
    %store/vec4 v0x14f63f7b0_0, 0, 8;
    %jmp T_13.11;
T_13.6 ;
    %pushi/vec4 130, 0, 8;
    %store/vec4 v0x14f63f7b0_0, 0, 8;
    %jmp T_13.11;
T_13.7 ;
    %pushi/vec4 248, 0, 8;
    %store/vec4 v0x14f63f7b0_0, 0, 8;
    %jmp T_13.11;
T_13.8 ;
    %pushi/vec4 128, 0, 8;
    %store/vec4 v0x14f63f7b0_0, 0, 8;
    %jmp T_13.11;
T_13.9 ;
    %pushi/vec4 144, 0, 8;
    %store/vec4 v0x14f63f7b0_0, 0, 8;
    %jmp T_13.11;
T_13.11 ;
    %pop/vec4 1;
    %jmp T_13;
    .thread T_13, $push;
    .scope S_0x14f63ef00;
T_14 ;
    %wait E_0x14f63f0f0;
    %load/vec4 v0x14f63f7b0_0;
    %store/vec4 v0x14f63f700_0, 0, 8;
    %pushi/vec4 15, 0, 4;
    %store/vec4 v0x14f63f220_0, 0, 4;
    %pushi/vec4 0, 0, 1;
    %ix/getv 4, v0x14f63f4d0_0;
    %store/vec4 v0x14f63f220_0, 4, 1;
    %jmp T_14;
    .thread T_14, $push;
    .scope S_0x14f606a30;
T_15 ;
    %wait E_0x14f62cf80;
    %load/vec4 v0x14f6407b0_0;
    %flag_set/vec4 8;
    %jmp/0xz  T_15.0, 8;
    %pushi/vec4 0, 0, 16;
    %assign/vec4 v0x14f640620_0, 0;
    %jmp T_15.1;
T_15.0 ;
    %load/vec4 v0x14f640500_0;
    %flag_set/vec4 8;
    %jmp/0xz  T_15.2, 8;
    %pushi/vec4 65535, 0, 16;
    %assign/vec4 v0x14f640620_0, 0;
    %jmp T_15.3;
T_15.2 ;
    %pushi/vec4 0, 0, 16;
    %assign/vec4 v0x14f640620_0, 0;
T_15.3 ;
T_15.1 ;
    %jmp T_15;
    .thread T_15;
    .scope S_0x14f61d1c0;
T_16 ;
    %pushi/vec4 0, 0, 1;
    %store/vec4 v0x14f641170_0, 0, 1;
    %end;
    .thread T_16;
    .scope S_0x14f61d1c0;
T_17 ;
    %delay 5000, 0;
    %load/vec4 v0x14f641170_0;
    %inv;
    %store/vec4 v0x14f641170_0, 0, 1;
    %jmp T_17;
    .thread T_17;
    .scope S_0x14f61d1c0;
T_18 ;
    %pushi/vec4 0, 0, 1;
    %store/vec4 v0x14f641420_0, 0, 1;
    %pushi/vec4 0, 0, 2;
    %store/vec4 v0x14f641640_0, 0, 2;
    %pushi/vec4 0, 0, 5;
    %split/vec4 1;
    %store/vec4 v0x14f640d20_0, 0, 1;
    %split/vec4 1;
    %store/vec4 v0x14f640df0_0, 0, 1;
    %split/vec4 1;
    %store/vec4 v0x14f640f90_0, 0, 1;
    %split/vec4 1;
    %store/vec4 v0x14f640ec0_0, 0, 1;
    %store/vec4 v0x14f6410a0_0, 0, 1;
    %delay 100000, 0;
    %vpi_call 2 75 "$display", "\012--- Starting Vending Machine Test ---" {0 0 0};
    %vpi_call 2 78 "$display", "Applying Reset..." {0 0 0};
    %pushi/vec4 1, 0, 1;
    %store/vec4 v0x14f641420_0, 0, 1;
    %delay 15000, 0;
    %pushi/vec4 0, 0, 1;
    %store/vec4 v0x14f641420_0, 0, 1;
    %delay 20000, 0;
    %vpi_call 2 81 "$display", "Reset de-asserted, state should be SELECT, item=sw_item(00=50c)." {0 0 0};
    %delay 50000, 0;
    %vpi_call 2 88 "$display", "\012Scenario 1: sw_item=00(50c). Insert 25 + finalize => insufficient => add 25 => finalize => success" {0 0 0};
    %pushi/vec4 0, 0, 2;
    %store/vec4 v0x14f641640_0, 0, 2;
    %delay 20000, 0;
    %load/vec4 v0x14f640ec0_0;
    %store/vec4 v0x14f640b30_0, 0, 1;
    %pushi/vec4 20, 0, 32;
    %store/vec4 v0x14f640bc0_0, 0, 32;
    %fork TD_vending_machine_tb.press_button, S_0x14f640960;
    %join;
    %delay 100000, 0;
    %vpi_call 2 94 "$display", " Inserted 25c, now finalize with insufficient => led_insuff expected=ON" {0 0 0};
    %load/vec4 v0x14f640d20_0;
    %store/vec4 v0x14f640b30_0, 0, 1;
    %pushi/vec4 20, 0, 32;
    %store/vec4 v0x14f640bc0_0, 0, 32;
    %fork TD_vending_machine_tb.press_button, S_0x14f640960;
    %join;
    %delay 200000, 0;
    %vpi_call 2 98 "$display", " Insert another 25c => total 50 => finalize => success => led_purchase=1, display change=0" {0 0 0};
    %load/vec4 v0x14f640ec0_0;
    %store/vec4 v0x14f640b30_0, 0, 1;
    %pushi/vec4 20, 0, 32;
    %store/vec4 v0x14f640bc0_0, 0, 32;
    %fork TD_vending_machine_tb.press_button, S_0x14f640960;
    %join;
    %delay 100000, 0;
    %load/vec4 v0x14f640d20_0;
    %store/vec4 v0x14f640b30_0, 0, 1;
    %pushi/vec4 20, 0, 32;
    %store/vec4 v0x14f640bc0_0, 0, 32;
    %fork TD_vending_machine_tb.press_button, S_0x14f640960;
    %join;
    %delay 200000, 0;
    %vpi_call 2 104 "$display", " Press confirm again to return to SELECT state" {0 0 0};
    %load/vec4 v0x14f640d20_0;
    %store/vec4 v0x14f640b30_0, 0, 1;
    %pushi/vec4 20, 0, 32;
    %store/vec4 v0x14f640bc0_0, 0, 32;
    %fork TD_vending_machine_tb.press_button, S_0x14f640960;
    %join;
    %delay 200000, 0;
    %vpi_call 2 109 "$display", "\012Scenario 2: set item1=75c, insert 50c, then cancel => go back to SELECT" {0 0 0};
    %pushi/vec4 1, 0, 2;
    %store/vec4 v0x14f641640_0, 0, 2;
    %delay 50000, 0;
    %vpi_call 2 112 "$display", " Insert 50c (Up btn)" {0 0 0};
    %load/vec4 v0x14f6410a0_0;
    %store/vec4 v0x14f640b30_0, 0, 1;
    %pushi/vec4 20, 0, 32;
    %store/vec4 v0x14f640bc0_0, 0, 32;
    %fork TD_vending_machine_tb.press_button, S_0x14f640960;
    %join;
    %delay 100000, 0;
    %vpi_call 2 115 "$display", " Cancel transaction => coin_sum=0, back to SELECT, no vend" {0 0 0};
    %load/vec4 v0x14f640df0_0;
    %store/vec4 v0x14f640b30_0, 0, 1;
    %pushi/vec4 20, 0, 32;
    %store/vec4 v0x14f640bc0_0, 0, 32;
    %fork TD_vending_machine_tb.press_button, S_0x14f640960;
    %join;
    %delay 200000, 0;
    %vpi_call 2 120 "$display", "\012Scenario 3: item2=100c => insert 50 + 50 => confirm => success => no change" {0 0 0};
    %pushi/vec4 2, 0, 2;
    %store/vec4 v0x14f641640_0, 0, 2;
    %delay 50000, 0;
    %load/vec4 v0x14f6410a0_0;
    %store/vec4 v0x14f640b30_0, 0, 1;
    %pushi/vec4 20, 0, 32;
    %store/vec4 v0x14f640bc0_0, 0, 32;
    %fork TD_vending_machine_tb.press_button, S_0x14f640960;
    %join;
    %delay 50000, 0;
    %load/vec4 v0x14f6410a0_0;
    %store/vec4 v0x14f640b30_0, 0, 1;
    %pushi/vec4 20, 0, 32;
    %store/vec4 v0x14f640bc0_0, 0, 32;
    %fork TD_vending_machine_tb.press_button, S_0x14f640960;
    %join;
    %delay 100000, 0;
    %load/vec4 v0x14f640d20_0;
    %store/vec4 v0x14f640b30_0, 0, 1;
    %pushi/vec4 20, 0, 32;
    %store/vec4 v0x14f640bc0_0, 0, 32;
    %fork TD_vending_machine_tb.press_button, S_0x14f640960;
    %join;
    %delay 200000, 0;
    %vpi_call 2 129 "$display", " Press confirm again to reset to SELECT" {0 0 0};
    %load/vec4 v0x14f640d20_0;
    %store/vec4 v0x14f640b30_0, 0, 1;
    %pushi/vec4 20, 0, 32;
    %store/vec4 v0x14f640bc0_0, 0, 32;
    %fork TD_vending_machine_tb.press_button, S_0x14f640960;
    %join;
    %delay 200000, 0;
    %vpi_call 2 134 "$display", "\012Scenario 4: item3=135 => insert 3 x 50 => total=150 => finalize => success => change=15" {0 0 0};
    %pushi/vec4 3, 0, 2;
    %store/vec4 v0x14f641640_0, 0, 2;
    %delay 50000, 0;
    %load/vec4 v0x14f6410a0_0;
    %store/vec4 v0x14f640b30_0, 0, 1;
    %pushi/vec4 20, 0, 32;
    %store/vec4 v0x14f640bc0_0, 0, 32;
    %fork TD_vending_machine_tb.press_button, S_0x14f640960;
    %join;
    %delay 50000, 0;
    %load/vec4 v0x14f6410a0_0;
    %store/vec4 v0x14f640b30_0, 0, 1;
    %pushi/vec4 20, 0, 32;
    %store/vec4 v0x14f640bc0_0, 0, 32;
    %fork TD_vending_machine_tb.press_button, S_0x14f640960;
    %join;
    %delay 50000, 0;
    %load/vec4 v0x14f6410a0_0;
    %store/vec4 v0x14f640b30_0, 0, 1;
    %pushi/vec4 20, 0, 32;
    %store/vec4 v0x14f640bc0_0, 0, 32;
    %fork TD_vending_machine_tb.press_button, S_0x14f640960;
    %join;
    %delay 100000, 0;
    %vpi_call 2 143 "$display", " Now finalize => vend => change=15" {0 0 0};
    %load/vec4 v0x14f640d20_0;
    %store/vec4 v0x14f640b30_0, 0, 1;
    %pushi/vec4 20, 0, 32;
    %store/vec4 v0x14f640bc0_0, 0, 32;
    %fork TD_vending_machine_tb.press_button, S_0x14f640960;
    %join;
    %delay 200000, 0;
    %vpi_call 2 147 "$display", " Press confirm again => back to SELECT" {0 0 0};
    %load/vec4 v0x14f640d20_0;
    %store/vec4 v0x14f640b30_0, 0, 1;
    %pushi/vec4 20, 0, 32;
    %store/vec4 v0x14f640bc0_0, 0, 32;
    %fork TD_vending_machine_tb.press_button, S_0x14f640960;
    %join;
    %delay 200000, 0;
    %vpi_call 2 151 "$display", "\012--- Test Completed. Observe waveforms / logs for final verification. ---" {0 0 0};
    %delay 100000, 0;
    %vpi_call 2 155 "$stop" {0 0 0};
    %end;
    .thread T_18;
# The file index is used to find the file name in the following table.
:file_names 7;
    "N/A";
    "<interactive>";
    "vending_machine_tb.v";
    "vending_machine_top.v";
    "Debouncer.v";
    "vending_fsm.v";
    "SevenSegmentDriver.v";
